<?xml version="1.0" encoding="UTF-8"?>
<!-- Generated by org.testng.reporters.JUnitReportReporter -->
<testsuite hostname="DESKTOP-DCMMFHS" failures="0" tests="1" name="test.FileUpload" time="12.989" errors="0" timestamp="2020-05-27T18:18:58 PDT" skipped="0">
  <testcase classname="test.FileUpload" name="fileUpload" time="12.989"/>
  <system-out/>
</testsuite> <!-- test.FileUpload -->
