<?xml version="1.0" encoding="UTF-8"?>
<!-- Generated by org.testng.reporters.JUnitReportReporter -->
<testsuite hostname="DESKTOP-DCMMFHS" failures="0" tests="1" name="test.FileUpload" time="12.887" errors="0" timestamp="2020-05-26T18:24:21 PDT" skipped="0">
  <testcase classname="test.FileUpload" name="fileUpload" time="12.887"/>
  <system-out/>
</testsuite> <!-- test.FileUpload -->
