<?xml version="1.0" encoding="UTF-8"?>
<!-- Generated by org.testng.reporters.JUnitReportReporter -->
<testsuite hostname="DESKTOP-DCMMFHS" failures="0" tests="1" name="test.windowPopUp" time="1.459" errors="0" timestamp="2020-05-21T17:47:22 PDT" skipped="0">
  <testcase classname="test.windowPopUp" name="getPopUpWindow" time="1.459"/>
  <system-out/>
</testsuite> <!-- test.windowPopUp -->
