<?xml version="1.0" encoding="UTF-8"?>
<!-- Generated by org.testng.reporters.JUnitReportReporter -->
<testsuite hostname="DESKTOP-DCMMFHS" failures="0" tests="2" name="test.GlobalTest" time="8.226" errors="0" timestamp="2020-04-08T10:04:31 PDT" skipped="0">
  <testcase classname="test.GlobalTest" name="loginOld" time="8.223"/>
  <system-out/>
  <testcase classname="test.GlobalTest" name="printName" time="0.003"/>
  <system-out/>
</testsuite> <!-- test.GlobalTest -->
