<?xml version="1.0" encoding="UTF-8"?>
<!-- Generated by org.testng.reporters.JUnitReportReporter -->
<testsuite hostname="DESKTOP-DCMMFHS" failures="0" tests="2" name="test.GlobalTest" time="7.400" errors="0" timestamp="2020-05-27T11:26:57 PDT" skipped="0">
  <testcase classname="test.GlobalTest" name="printName" time="0.002"/>
  <system-out/>
  <testcase classname="test.GlobalTest" name="loginOld" time="7.398"/>
  <system-out/>
</testsuite> <!-- test.GlobalTest -->
